#-----------------------------------------------------------
# Vivado v2024.1 (64-bit)
# SW Build 5076996 on Wed May 22 18:37:14 MDT 2024
# IP Build 5075265 on Wed May 22 21:45:21 MDT 2024
# SharedData Build 5076995 on Wed May 22 18:29:18 MDT 2024
# Start of session at: Wed Dec 24 22:27:10 2025
# Process ID: 30100
# Current directory: C:/Users/Sanjay/Desktop/Git_repositories/verilog-practice/Verilog-Practice
# Command line: vivado.exe -mode batch -source sim.tcl -tclargs AND_gate
# Log file: C:/Users/Sanjay/Desktop/Git_repositories/verilog-practice/Verilog-Practice/vivado.log
# Journal file: C:/Users/Sanjay/Desktop/Git_repositories/verilog-practice/Verilog-Practice\vivado.jou
# Running On        :DESKTOP-HIU0IK8
# Platform          :Windows Server 2016 or Windows 10
# Operating System  :26100
# Processor Detail  :AMD Ryzen AI 7 350 w/ Radeon 860M
# CPU Frequency     :1996 MHz
# CPU Physical cores:8
# CPU Logical cores :16
# Host memory       :33439 MB
# Swap memory       :10200 MB
# Total Virtual     :43640 MB
# Available Virtual :16321 MB
#-----------------------------------------------------------
source sim.tcl
# set module_name [lindex $argv 0]
# set rtl_file "${module_name}.v"
# set tb_file  "${module_name}_tb.v"
# create_project sim_proj ./sim_proj -force
INFO: [ProjectBase 1-489] The host OS only allows 260 characters in a normal path. The project is stored in a path with more than 80 characters. If you experience issues with IP, Block Designs, or files not being found, please consider moving the project to a location with a shorter path. Alternately consider using the OS subst command to map part of the path to a drive letter.
Current project path is 'C:/Users/Sanjay/Desktop/Git_repositories/verilog-practice/Verilog-Practice/sim_proj'
create_project: Time (s): cpu = 00:00:11 ; elapsed = 00:00:21 . Memory (MB): peak = 567.465 ; gain = 234.965
# add_files $rtl_file
ERROR: [Vivado 12-172] File or Directory 'AND_gate.v' does not exist
INFO: [Common 17-206] Exiting Vivado at Wed Dec 24 22:27:43 2025...
